# JRE version: OpenJDK Runtime Environment Temurin-21.0.9+10 (21.0.9+10) (build 21.0.9+10-LTS)
# Java VM: OpenJDK 64-Bit Server VM Temurin-21.0.9+10 (21.0.9+10-LTS, mixed mode, sharing, tiered, compressed oops, compressed class ptrs, parallel gc, windows-amd64)
GC Precious Log:
 CardTable entry size: 512
 CPUs: 4 total, 4 available
 Memory: 3962M
 Large Page Support: Disabled
 NUMA Support: Disabled
 Compressed Oops: Enabled (32-bit)
 Alignments: Space 512K, Generation 512K, Heap 2M
 Heap Min Capacity: 100M
 Heap Initial Capacity: 100M
 Heap Max Capacity: 2G
 Pre-touch: Disabled
 Parallel Workers: 4
Heap:
 PSYoungGen      total 6144K, used 2256K [0x00000000d5580000, 0x00000000d5d00000, 0x0000000100000000)
  eden space 5632K, 37% used [0x00000000d5580000,0x00000000d578c390,0x00000000d5b00000)
  from space 512K, 31% used [0x00000000d5c80000,0x00000000d5ca8000,0x00000000d5d00000)
  to   space 512K, 0% used [0x00000000d5c00000,0x00000000d5c00000,0x00000000d5c80000)
 ParOldGen       total 1026048K, used 1025654K [0x0000000080000000, 0x00000000bea00000, 0x00000000d5580000)
  object space 1026048K, 99% used [0x0000000080000000,0x00000000be99d860,0x00000000bea00000)
 Metaspace       used 85684K, committed 87360K, reserved 1179648K
  class space    used 8542K, committed 9344K, reserved 1048576K
GC Heap History (20 events):
Event: 7763.724 GC heap before
{Heap before GC invocations=2618 (full 5):
 PSYoungGen      total 3584K, used 3487K [0x00000000d5580000, 0x00000000d5c00000, 0x0000000100000000)
  eden space 3072K, 99% used [0x00000000d5580000,0x00000000d587ffd8,0x00000000d5880000)
  from space 512K, 81% used [0x00000000d5b80000,0x00000000d5be8000,0x00000000d5c00000)
  to   space 1024K, 0% used [0x00000000d5a00000,0x00000000d5a00000,0x00000000d5b00000)
 ParOldGen       total 1021952K, used 1021658K [0x0000000080000000, 0x00000000be600000, 0x00000000d5580000)
  object space 1021952K, 99% used [0x0000000080000000,0x00000000be5b68e0,0x00000000be600000)
 Metaspace       used 85668K, committed 87360K, reserved 1179648K
  class space    used 8542K, committed 9344K, reserved 1048576K
}
Event: 7763.752 GC heap after
{Heap after GC invocations=2618 (full 5):
 PSYoungGen      total 5120K, used 352K [0x00000000d5580000, 0x00000000d5c00000, 0x0000000100000000)
  eden space 4096K, 0% used [0x00000000d5580000,0x00000000d5580000,0x00000000d5980000)
  from space 1024K, 34% used [0x00000000d5a00000,0x00000000d5a58000,0x00000000d5b00000)
  to   space 512K, 0% used [0x00000000d5b80000,0x00000000d5b80000,0x00000000d5c00000)
 ParOldGen       total 1022464K, used 1022024K [0x0000000080000000, 0x00000000be680000, 0x00000000d5580000)
  object space 1022464K, 99% used [0x0000000080000000,0x00000000be612320,0x00000000be680000)
 Metaspace       used 85668K, committed 87360K, reserved 1179648K
  class space    used 8542K, committed 9344K, reserved 1048576K
}
Event: 7763.920 GC heap before
{Heap before GC invocations=2619 (full 5):
 PSYoungGen      total 5120K, used 4448K [0x00000000d5580000, 0x00000000d5c00000, 0x0000000100000000)
  eden space 4096K, 100% used [0x00000000d5580000,0x00000000d5980000,0x00000000d5980000)
  from space 1024K, 34% used [0x00000000d5a00000,0x00000000d5a58000,0x00000000d5b00000)
  to   space 512K, 0% used [0x00000000d5b80000,0x00000000d5b80000,0x00000000d5c00000)
 ParOldGen       total 1022464K, used 1022024K [0x0000000080000000, 0x00000000be680000, 0x00000000d5580000)
  object space 1022464K, 99% used [0x0000000080000000,0x00000000be612320,0x00000000be680000)
 Metaspace       used 85669K, committed 87360K, reserved 1179648K
  class space    used 8542K, committed 9344K, reserved 1048576K
}
Event: 7763.929 GC heap after
{Heap after GC invocations=2619 (full 5):
 PSYoungGen      total 5632K, used 480K [0x00000000d5580000, 0x00000000d5c00000, 0x0000000100000000)
  eden space 5120K, 0% used [0x00000000d5580000,0x00000000d5580000,0x00000000d5a80000)
  from space 512K, 93% used [0x00000000d5b80000,0x00000000d5bf8000,0x00000000d5c00000)
  to   space 512K, 0% used [0x00000000d5b00000,0x00000000d5b00000,0x00000000d5b80000)
 ParOldGen       total 1022464K, used 1022168K [0x0000000080000000, 0x00000000be680000, 0x00000000d5580000)
  object space 1022464K, 99% used [0x0000000080000000,0x00000000be636320,0x00000000be680000)
 Metaspace       used 85669K, committed 87360K, reserved 1179648K
  class space    used 8542K, committed 9344K, reserved 1048576K
}
Event: 7763.951 GC heap before
{Heap before GC invocations=2620 (full 5):
 PSYoungGen      total 5632K, used 5600K [0x00000000d5580000, 0x00000000d5c00000, 0x0000000100000000)
  eden space 5120K, 100% used [0x00000000d5580000,0x00000000d5a80000,0x00000000d5a80000)
  from space 512K, 93% used [0x00000000d5b80000,0x00000000d5bf8000,0x00000000d5c00000)
  to   space 512K, 0% used [0x00000000d5b00000,0x00000000d5b00000,0x00000000d5b80000)
 ParOldGen       total 1022464K, used 1022168K [0x0000000080000000, 0x00000000be680000, 0x00000000d5580000)
  object space 1022464K, 99% used [0x0000000080000000,0x00000000be636320,0x00000000be680000)
 Metaspace       used 85670K, committed 87360K, reserved 1179648K
  class space    used 8542K, committed 9344K, reserved 1048576K
}
Event: 7763.958 GC heap after
{Heap after GC invocations=2620 (full 5):
 PSYoungGen      total 6144K, used 128K [0x00000000d5580000, 0x00000000d5c80000, 0x0000000100000000)
  eden space 5632K, 0% used [0x00000000d5580000,0x00000000d5580000,0x00000000d5b00000)
  from space 512K, 25% used [0x00000000d5b00000,0x00000000d5b20000,0x00000000d5b80000)
  to   space 512K, 0% used [0x00000000d5c00000,0x00000000d5c00000,0x00000000d5c80000)
 ParOldGen       total 1022976K, used 1022520K [0x0000000080000000, 0x00000000be700000, 0x00000000d5580000)
  object space 1022976K, 99% used [0x0000000080000000,0x00000000be68e340,0x00000000be700000)
 Metaspace       used 85670K, committed 87360K, reserved 1179648K
  class space    used 8542K, committed 9344K, reserved 1048576K
}
Event: 7764.553 GC heap before
{Heap before GC invocations=2621 (full 5):
 PSYoungGen      total 6144K, used 5760K [0x00000000d5580000, 0x00000000d5c80000, 0x0000000100000000)
  eden space 5632K, 100% used [0x00000000d5580000,0x00000000d5b00000,0x00000000d5b00000)
  from space 512K, 25% used [0x00000000d5b00000,0x00000000d5b20000,0x00000000d5b80000)
  to   space 512K, 0% used [0x00000000d5c00000,0x00000000d5c00000,0x00000000d5c80000)
 ParOldGen       total 1022976K, used 1022520K [0x0000000080000000, 0x00000000be700000, 0x00000000d5580000)
  object space 1022976K, 99% used [0x0000000080000000,0x00000000be68e340,0x00000000be700000)
 Metaspace       used 85674K, committed 87360K, reserved 1179648K
  class space    used 8542K, committed 9344K, reserved 1048576K
}
Event: 7764.578 GC heap after
{Heap after GC invocations=2621 (full 5):
 PSYoungGen      total 6144K, used 512K [0x00000000d5580000, 0x00000000d5e80000, 0x0000000100000000)
  eden space 5632K, 0% used [0x00000000d5580000,0x00000000d5580000,0x00000000d5b00000)
  from space 512K, 100% used [0x00000000d5c00000,0x00000000d5c80000,0x00000000d5c80000)
  to   space 1024K, 0% used [0x00000000d5b00000,0x00000000d5b00000,0x00000000d5c00000)
 ParOldGen       total 1022976K, used 1022608K [0x0000000080000000, 0x00000000be700000, 0x00000000d5580000)
  object space 1022976K, 99% used [0x0000000080000000,0x00000000be6a4340,0x00000000be700000)
 Metaspace       used 85674K, committed 87360K, reserved 1179648K
  class space    used 8542K, committed 9344K, reserved 1048576K
}
Event: 7764.844 GC heap before
{Heap before GC invocations=2622 (full 5):
 PSYoungGen      total 6144K, used 6144K [0x00000000d5580000, 0x00000000d5e80000, 0x0000000100000000)
  eden space 5632K, 100% used [0x00000000d5580000,0x00000000d5b00000,0x00000000d5b00000)
  from space 512K, 100% used [0x00000000d5c00000,0x00000000d5c80000,0x00000000d5c80000)
  to   space 1024K, 0% used [0x00000000d5b00000,0x00000000d5b00000,0x00000000d5c00000)
 ParOldGen       total 1022976K, used 1022608K [0x0000000080000000, 0x00000000be700000, 0x00000000d5580000)
  object space 1022976K, 99% used [0x0000000080000000,0x00000000be6a4340,0x00000000be700000)
 Metaspace       used 85674K, committed 87360K, reserved 1179648K
  class space    used 8542K, committed 9344K, reserved 1048576K
}
Event: 7764.871 GC heap after
{Heap after GC invocations=2622 (full 5):
 PSYoungGen      total 6656K, used 1008K [0x00000000d5580000, 0x00000000d5f00000, 0x0000000100000000)
  eden space 5632K, 0% used [0x00000000d5580000,0x00000000d5580000,0x00000000d5b00000)
  from space 1024K, 98% used [0x00000000d5b00000,0x00000000d5bfc010,0x00000000d5c00000)
  to   space 2048K, 0% used [0x00000000d5d00000,0x00000000d5d00000,0x00000000d5f00000)
 ParOldGen       total 1023488K, used 1023061K [0x0000000080000000, 0x00000000be780000, 0x00000000d5580000)
  object space 1023488K, 99% used [0x0000000080000000,0x00000000be7157d0,0x00000000be780000)
 Metaspace       used 85674K, committed 87360K, reserved 1179648K
  class space    used 8542K, committed 9344K, reserved 1048576K
}
Event: 7769.647 GC heap before
{Heap before GC invocations=2623 (full 5):
 PSYoungGen      total 6656K, used 6640K [0x00000000d5580000, 0x00000000d5f00000, 0x0000000100000000)
  eden space 5632K, 100% used [0x00000000d5580000,0x00000000d5b00000,0x00000000d5b00000)
  from space 1024K, 98% used [0x00000000d5b00000,0x00000000d5bfc010,0x00000000d5c00000)
  to   space 2048K, 0% used [0x00000000d5d00000,0x00000000d5d00000,0x00000000d5f00000)
 ParOldGen       total 1023488K, used 1023061K [0x0000000080000000, 0x00000000be780000, 0x00000000d5580000)
  object space 1023488K, 99% used [0x0000000080000000,0x00000000be7157d0,0x00000000be780000)
 Metaspace       used 85674K, committed 87360K, reserved 1179648K
  class space    used 8542K, committed 9344K, reserved 1048576K
}
Event: 7769.653 GC heap after
{Heap after GC invocations=2623 (full 5):
 PSYoungGen      total 6656K, used 864K [0x00000000d5580000, 0x00000000d5e00000, 0x0000000100000000)
  eden space 5632K, 0% used [0x00000000d5580000,0x00000000d5580000,0x00000000d5b00000)
  from space 1024K, 84% used [0x00000000d5d00000,0x00000000d5dd8000,0x00000000d5e00000)
  to   space 1536K, 0% used [0x00000000d5b00000,0x00000000d5b00000,0x00000000d5c80000)
 ParOldGen       total 1024000K, used 1023619K [0x0000000080000000, 0x00000000be800000, 0x00000000d5580000)
  object space 1024000K, 99% used [0x0000000080000000,0x00000000be7a0c60,0x00000000be800000)
 Metaspace       used 85674K, committed 87360K, reserved 1179648K
  class space    used 8542K, committed 9344K, reserved 1048576K
}
Event: 7769.789 GC heap before
{Heap before GC invocations=2624 (full 5):
 PSYoungGen      total 6656K, used 6496K [0x00000000d5580000, 0x00000000d5e00000, 0x0000000100000000)
  eden space 5632K, 100% used [0x00000000d5580000,0x00000000d5b00000,0x00000000d5b00000)
  from space 1024K, 84% used [0x00000000d5d00000,0x00000000d5dd8000,0x00000000d5e00000)
  to   space 1536K, 0% used [0x00000000d5b00000,0x00000000d5b00000,0x00000000d5c80000)
 ParOldGen       total 1024000K, used 1023619K [0x0000000080000000, 0x00000000be800000, 0x00000000d5580000)
  object space 1024000K, 99% used [0x0000000080000000,0x00000000be7a0c60,0x00000000be800000)
 Metaspace       used 85674K, committed 87360K, reserved 1179648K
  class space    used 8542K, committed 9344K, reserved 1048576K
}
Event: 7769.801 GC heap after
{Heap after GC invocations=2624 (full 5):
 PSYoungGen      total 7168K, used 352K [0x00000000d5580000, 0x00000000d5d80000, 0x0000000100000000)
  eden space 5632K, 0% used [0x00000000d5580000,0x00000000d5580000,0x00000000d5b00000)
  from space 1536K, 22% used [0x00000000d5b00000,0x00000000d5b58000,0x00000000d5c80000)
  to   space 1024K, 0% used [0x00000000d5c80000,0x00000000d5c80000,0x00000000d5d80000)
 ParOldGen       total 1024512K, used 1024435K [0x0000000080000000, 0x00000000be880000, 0x00000000d5580000)
  object space 1024512K, 99% used [0x0000000080000000,0x00000000be86cd00,0x00000000be880000)
 Metaspace       used 85674K, committed 87360K, reserved 1179648K
  class space    used 8542K, committed 9344K, reserved 1048576K
}
Event: 7769.925 GC heap before
{Heap before GC invocations=2625 (full 5):
 PSYoungGen      total 7168K, used 5984K [0x00000000d5580000, 0x00000000d5d80000, 0x0000000100000000)
  eden space 5632K, 100% used [0x00000000d5580000,0x00000000d5b00000,0x00000000d5b00000)
  from space 1536K, 22% used [0x00000000d5b00000,0x00000000d5b58000,0x00000000d5c80000)
  to   space 1024K, 0% used [0x00000000d5c80000,0x00000000d5c80000,0x00000000d5d80000)
 ParOldGen       total 1024512K, used 1024435K [0x0000000080000000, 0x00000000be880000, 0x00000000d5580000)
  object space 1024512K, 99% used [0x0000000080000000,0x00000000be86cd00,0x00000000be880000)
 Metaspace       used 85675K, committed 87360K, reserved 1179648K
  class space    used 8542K, committed 9344K, reserved 1048576K
}
Event: 7769.931 GC heap after
{Heap after GC invocations=2625 (full 5):
 PSYoungGen      total 6656K, used 576K [0x00000000d5580000, 0x00000000d5d80000, 0x0000000100000000)
  eden space 5632K, 0% used [0x00000000d5580000,0x00000000d5580000,0x00000000d5b00000)
  from space 1024K, 56% used [0x00000000d5c80000,0x00000000d5d10000,0x00000000d5d80000)
  to   space 1024K, 0% used [0x00000000d5b80000,0x00000000d5b80000,0x00000000d5c80000)
 ParOldGen       total 1024512K, used 1024451K [0x0000000080000000, 0x00000000be880000, 0x00000000d5580000)
  object space 1024512K, 99% used [0x0000000080000000,0x00000000be870d00,0x00000000be880000)
 Metaspace       used 85675K, committed 87360K, reserved 1179648K
  class space    used 8542K, committed 9344K, reserved 1048576K
}
Event: 7770.283 GC heap before
{Heap before GC invocations=2626 (full 5):
 PSYoungGen      total 6656K, used 6208K [0x00000000d5580000, 0x00000000d5d80000, 0x0000000100000000)
  eden space 5632K, 100% used [0x00000000d5580000,0x00000000d5b00000,0x00000000d5b00000)
  from space 1024K, 56% used [0x00000000d5c80000,0x00000000d5d10000,0x00000000d5d80000)
  to   space 1024K, 0% used [0x00000000d5b80000,0x00000000d5b80000,0x00000000d5c80000)
 ParOldGen       total 1024512K, used 1024451K [0x0000000080000000, 0x00000000be880000, 0x00000000d5580000)
  object space 1024512K, 99% used [0x0000000080000000,0x00000000be870d00,0x00000000be880000)
 Metaspace       used 85677K, committed 87360K, reserved 1179648K
  class space    used 8542K, committed 9344K, reserved 1048576K
}
Event: 7770.297 GC heap after
{Heap after GC invocations=2626 (full 5):
 PSYoungGen      total 6656K, used 752K [0x00000000d5580000, 0x00000000d5d00000, 0x0000000100000000)
  eden space 5632K, 0% used [0x00000000d5580000,0x00000000d5580000,0x00000000d5b00000)
  from space 1024K, 73% used [0x00000000d5b80000,0x00000000d5c3c010,0x00000000d5c80000)
  to   space 512K, 0% used [0x00000000d5c80000,0x00000000d5c80000,0x00000000d5d00000)
 ParOldGen       total 1025024K, used 1024954K [0x0000000080000000, 0x00000000be900000, 0x00000000d5580000)
  object space 1025024K, 99% used [0x0000000080000000,0x00000000be8eeae0,0x00000000be900000)
 Metaspace       used 85677K, committed 87360K, reserved 1179648K
  class space    used 8542K, committed 9344K, reserved 1048576K
}
Event: 7772.276 GC heap before
{Heap before GC invocations=2627 (full 5):
 PSYoungGen      total 6656K, used 6384K [0x00000000d5580000, 0x00000000d5d00000, 0x0000000100000000)
  eden space 5632K, 100% used [0x00000000d5580000,0x00000000d5b00000,0x00000000d5b00000)
  from space 1024K, 73% used [0x00000000d5b80000,0x00000000d5c3c010,0x00000000d5c80000)
  to   space 512K, 0% used [0x00000000d5c80000,0x00000000d5c80000,0x00000000d5d00000)
 ParOldGen       total 1025024K, used 1024954K [0x0000000080000000, 0x00000000be900000, 0x00000000d5580000)
  object space 1025024K, 99% used [0x0000000080000000,0x00000000be8eeae0,0x00000000be900000)
 Metaspace       used 85677K, committed 87360K, reserved 1179648K
  class space    used 8542K, committed 9344K, reserved 1048576K
}
Event: 7772.295 GC heap after
{Heap after GC invocations=2627 (full 5):
 PSYoungGen      total 6144K, used 160K [0x00000000d5580000, 0x00000000d5d00000, 0x0000000100000000)
  eden space 5632K, 0% used [0x00000000d5580000,0x00000000d5580000,0x00000000d5b00000)
  from space 512K, 31% used [0x00000000d5c80000,0x00000000d5ca8000,0x00000000d5d00000)
  to   space 512K, 0% used [0x00000000d5c00000,0x00000000d5c00000,0x00000000d5c80000)
 ParOldGen       total 1026048K, used 1025654K [0x0000000080000000, 0x00000000bea00000, 0x00000000d5580000)
  object space 1026048K, 99% used [0x0000000080000000,0x00000000be99d860,0x00000000bea00000)
 Metaspace       used 85677K, committed 87360K, reserved 1179648K
  class space    used 8542K, committed 9344K, reserved 1048576K
}

